  [1m[36m (3.7ms)[0m  [1mCREATE TABLE "schema_migrations" ("version" varchar(255) NOT NULL) [0m
  [1m[35m (16.0ms)[0m  CREATE UNIQUE INDEX "unique_schema_migrations" ON "schema_migrations" ("version")
  [1m[36mActiveRecord::SchemaMigration Load (0.1ms)[0m  [1mSELECT "schema_migrations".* FROM "schema_migrations"[0m


Started GET "/index.html" for 127.0.0.1 at 2015-01-29 00:25:17 -0600

ActionController::RoutingError (No route matches [GET] "/index.html"):
  actionpack (4.0.2) lib/action_dispatch/middleware/debug_exceptions.rb:21:in `call'
  actionpack (4.0.2) lib/action_dispatch/middleware/show_exceptions.rb:30:in `call'
  railties (4.0.2) lib/rails/rack/logger.rb:38:in `call_app'
  railties (4.0.2) lib/rails/rack/logger.rb:20:in `block in call'
  activesupport (4.0.2) lib/active_support/tagged_logging.rb:67:in `block in tagged'
  activesupport (4.0.2) lib/active_support/tagged_logging.rb:25:in `tagged'
  activesupport (4.0.2) lib/active_support/tagged_logging.rb:67:in `tagged'
  railties (4.0.2) lib/rails/rack/logger.rb:20:in `call'
  actionpack (4.0.2) lib/action_dispatch/middleware/request_id.rb:21:in `call'
  rack (1.5.2) lib/rack/methodoverride.rb:21:in `call'
  rack (1.5.2) lib/rack/runtime.rb:17:in `call'
  activesupport (4.0.2) lib/active_support/cache/strategy/local_cache.rb:83:in `call'
  rack (1.5.2) lib/rack/lock.rb:17:in `call'
  actionpack (4.0.2) lib/action_dispatch/middleware/static.rb:64:in `call'
  rack (1.5.2) lib/rack/sendfile.rb:112:in `call'
  railties (4.0.2) lib/rails/engine.rb:511:in `call'
  railties (4.0.2) lib/rails/application.rb:97:in `call'
  rack (1.5.2) lib/rack/lock.rb:17:in `call'
  rack (1.5.2) lib/rack/content_length.rb:14:in `call'
  rack (1.5.2) lib/rack/handler/webrick.rb:60:in `service'
  /Users/AJ/.rvm/rubies/ruby-2.2.0/lib/ruby/2.2.0/webrick/httpserver.rb:138:in `service'
  /Users/AJ/.rvm/rubies/ruby-2.2.0/lib/ruby/2.2.0/webrick/httpserver.rb:94:in `run'
  /Users/AJ/.rvm/rubies/ruby-2.2.0/lib/ruby/2.2.0/webrick/server.rb:294:in `block in start_thread'


  Rendered /Users/AJ/.rvm/gems/ruby-2.2.0/gems/actionpack-4.0.2/lib/action_dispatch/middleware/templates/rescues/_trace.erb (2.6ms)
  Rendered /Users/AJ/.rvm/gems/ruby-2.2.0/gems/actionpack-4.0.2/lib/action_dispatch/middleware/templates/routes/_route.html.erb (1.2ms)
  Rendered /Users/AJ/.rvm/gems/ruby-2.2.0/gems/actionpack-4.0.2/lib/action_dispatch/middleware/templates/routes/_table.html.erb (40.1ms)
  Rendered /Users/AJ/.rvm/gems/ruby-2.2.0/gems/actionpack-4.0.2/lib/action_dispatch/middleware/templates/rescues/routing_error.erb within rescues/layout (196.9ms)


Started GET "/" for 127.0.0.1 at 2015-01-29 00:26:20 -0600
Processing by HomeController#index as HTML
  Rendered home/index.html.erb within layouts/application (0.7ms)
Completed 200 OK in 244ms (Views: 214.6ms | ActiveRecord: 0.0ms)


Started GET "/assets/application.css?body=1" for 127.0.0.1 at 2015-01-29 00:26:20 -0600


Started GET "/assets/home.css?body=1" for 127.0.0.1 at 2015-01-29 00:26:20 -0600


Started GET "/assets/application.js?body=1" for 127.0.0.1 at 2015-01-29 00:26:20 -0600


Started GET "/assets/jquery_ujs.js?body=1" for 127.0.0.1 at 2015-01-29 00:26:20 -0600


Started GET "/assets/jquery.js?body=1" for 127.0.0.1 at 2015-01-29 00:26:20 -0600


Started GET "/assets/home.js?body=1" for 127.0.0.1 at 2015-01-29 00:26:20 -0600


Started GET "/assets/rails.png" for 127.0.0.1 at 2015-01-29 00:26:20 -0600


Started GET "/" for 127.0.0.1 at 2015-01-29 00:28:36 -0600
Processing by HomeController#index as HTML
  Rendered home/index.html.erb within layouts/application (0.8ms)
Completed 200 OK in 12ms (Views: 11.2ms | ActiveRecord: 0.0ms)


Started GET "/" for 127.0.0.1 at 2015-01-29 00:30:44 -0600
Processing by HomeController#index as HTML
  Rendered home/index.html.erb within layouts/application (0.6ms)
Completed 200 OK in 13ms (Views: 11.9ms | ActiveRecord: 0.0ms)


Started GET "/" for 127.0.0.1 at 2015-01-29 00:31:21 -0600
Processing by HomeController#index as HTML
  Rendered home/index.html.erb within layouts/application (0.6ms)
Completed 200 OK in 14ms (Views: 13.0ms | ActiveRecord: 0.0ms)


Started GET "/assets/home.css?body=1" for 127.0.0.1 at 2015-01-29 00:31:21 -0600


Started GET "/assets/application.css?body=1" for 127.0.0.1 at 2015-01-29 00:31:21 -0600


Started GET "/assets/jquery.js?body=1" for 127.0.0.1 at 2015-01-29 00:31:21 -0600


Started GET "/assets/home.js?body=1" for 127.0.0.1 at 2015-01-29 00:31:21 -0600


Started GET "/assets/application.js?body=1" for 127.0.0.1 at 2015-01-29 00:31:21 -0600


Started GET "/assets/jquery_ujs.js?body=1" for 127.0.0.1 at 2015-01-29 00:31:21 -0600


Started GET "/" for 127.0.0.1 at 2015-01-29 00:37:35 -0600
Processing by HomeController#index as HTML
  Rendered home/index.html.erb within layouts/application (0.5ms)
Completed 500 Internal Server Error in 105ms

ActionView::Template::Error (undefined local variable or method `left' for #<#<Class:0x007fc7534ba060>:0x007fc7535fb398>):
    11:     <%= yield %>
    12:   </div>
    13:   <section id="sidebar-left">
    14:     <%= yield :sidebar-left %>
    15:   </section>
    16: </body>
    17: </html>
  app/views/layouts/application.html.erb:14:in `_app_views_layouts_application_html_erb__276337080389199706_70247036981020'


  Rendered /Users/AJ/.rvm/gems/ruby-2.2.0/gems/actionpack-4.0.2/lib/action_dispatch/middleware/templates/rescues/_trace.erb (1.8ms)
  Rendered /Users/AJ/.rvm/gems/ruby-2.2.0/gems/actionpack-4.0.2/lib/action_dispatch/middleware/templates/rescues/_request_and_response.erb (1.4ms)
  Rendered /Users/AJ/.rvm/gems/ruby-2.2.0/gems/actionpack-4.0.2/lib/action_dispatch/middleware/templates/rescues/template_error.erb within rescues/layout (66.7ms)


Started GET "/" for 127.0.0.1 at 2015-01-29 00:38:08 -0600
Processing by HomeController#index as HTML
  Rendered home/index.html.erb within layouts/application (0.1ms)
Completed 200 OK in 10ms (Views: 9.5ms | ActiveRecord: 0.0ms)


Started GET "/assets/home.css?body=1" for 127.0.0.1 at 2015-01-29 00:38:08 -0600


Started GET "/assets/jquery_ujs.js?body=1" for 127.0.0.1 at 2015-01-29 00:38:08 -0600


Started GET "/assets/home.js?body=1" for 127.0.0.1 at 2015-01-29 00:38:08 -0600


Started GET "/assets/jquery.js?body=1" for 127.0.0.1 at 2015-01-29 00:38:08 -0600


Started GET "/assets/application.js?body=1" for 127.0.0.1 at 2015-01-29 00:38:08 -0600


Started GET "/assets/application.css?body=1" for 127.0.0.1 at 2015-01-29 00:38:08 -0600


Started GET "/" for 127.0.0.1 at 2015-01-29 00:39:47 -0600
Processing by HomeController#index as HTML
  Rendered home/index.html.erb within layouts/application (0.7ms)
Completed 200 OK in 16ms (Views: 14.9ms | ActiveRecord: 0.0ms)


Started GET "/assets/home.css?body=1" for 127.0.0.1 at 2015-01-29 00:39:48 -0600


Started GET "/assets/application.js?body=1" for 127.0.0.1 at 2015-01-29 00:39:48 -0600


Started GET "/assets/jquery_ujs.js?body=1" for 127.0.0.1 at 2015-01-29 00:39:48 -0600


Started GET "/assets/home.js?body=1" for 127.0.0.1 at 2015-01-29 00:39:48 -0600


Started GET "/assets/jquery.js?body=1" for 127.0.0.1 at 2015-01-29 00:39:48 -0600


Started GET "/assets/application.css?body=1" for 127.0.0.1 at 2015-01-29 00:39:48 -0600


Started GET "/" for 127.0.0.1 at 2015-01-29 00:40:41 -0600
Processing by HomeController#index as HTML
  Rendered home/index.html.erb within layouts/application (0.9ms)
Completed 200 OK in 11ms (Views: 10.6ms | ActiveRecord: 0.0ms)


Started GET "/assets/home.css?body=1" for 127.0.0.1 at 2015-01-29 00:40:41 -0600


Started GET "/assets/application.js?body=1" for 127.0.0.1 at 2015-01-29 00:40:41 -0600


Started GET "/assets/application.css?body=1" for 127.0.0.1 at 2015-01-29 00:40:41 -0600


Started GET "/assets/home.js?body=1" for 127.0.0.1 at 2015-01-29 00:40:41 -0600


Started GET "/assets/jquery_ujs.js?body=1" for 127.0.0.1 at 2015-01-29 00:40:41 -0600


Started GET "/assets/jquery.js?body=1" for 127.0.0.1 at 2015-01-29 00:40:41 -0600


Started GET "/" for 127.0.0.1 at 2015-01-29 00:40:55 -0600
Processing by HomeController#index as HTML
  Rendered home/index.html.erb within layouts/application (1.0ms)
Completed 200 OK in 14ms (Views: 13.0ms | ActiveRecord: 0.0ms)


Started GET "/assets/application.css?body=1" for 127.0.0.1 at 2015-01-29 00:40:56 -0600


Started GET "/assets/home.css?body=1" for 127.0.0.1 at 2015-01-29 00:40:56 -0600


Started GET "/assets/home.js?body=1" for 127.0.0.1 at 2015-01-29 00:40:56 -0600


Started GET "/assets/jquery.js?body=1" for 127.0.0.1 at 2015-01-29 00:40:56 -0600


Started GET "/assets/jquery_ujs.js?body=1" for 127.0.0.1 at 2015-01-29 00:40:56 -0600


Started GET "/assets/application.js?body=1" for 127.0.0.1 at 2015-01-29 00:40:56 -0600


Started GET "/" for 127.0.0.1 at 2015-01-29 00:41:29 -0600
Processing by HomeController#index as HTML
  Rendered home/index.html.erb within layouts/application (0.6ms)
Completed 200 OK in 10ms (Views: 9.6ms | ActiveRecord: 0.0ms)


Started GET "/assets/jquery.js?body=1" for 127.0.0.1 at 2015-01-29 00:41:29 -0600


Started GET "/assets/home.css?body=1" for 127.0.0.1 at 2015-01-29 00:41:29 -0600


Started GET "/assets/application.js?body=1" for 127.0.0.1 at 2015-01-29 00:41:29 -0600


Started GET "/assets/application.css?body=1" for 127.0.0.1 at 2015-01-29 00:41:29 -0600


Started GET "/assets/jquery_ujs.js?body=1" for 127.0.0.1 at 2015-01-29 00:41:29 -0600


Started GET "/assets/home.js?body=1" for 127.0.0.1 at 2015-01-29 00:41:29 -0600


Started GET "/" for 127.0.0.1 at 2015-01-29 00:42:51 -0600
Processing by HomeController#index as HTML
  Rendered home/index.html.erb within layouts/application (0.6ms)
Completed 200 OK in 11ms (Views: 10.7ms | ActiveRecord: 0.0ms)


Started GET "/assets/application.css?body=1" for 127.0.0.1 at 2015-01-29 00:42:51 -0600


Started GET "/assets/home.js?body=1" for 127.0.0.1 at 2015-01-29 00:42:51 -0600


Started GET "/assets/jquery.js?body=1" for 127.0.0.1 at 2015-01-29 00:42:51 -0600


Started GET "/assets/application.js?body=1" for 127.0.0.1 at 2015-01-29 00:42:51 -0600


Started GET "/assets/home.css?body=1" for 127.0.0.1 at 2015-01-29 00:42:51 -0600


Started GET "/assets/jquery_ujs.js?body=1" for 127.0.0.1 at 2015-01-29 00:42:51 -0600


Started GET "/" for 127.0.0.1 at 2015-01-29 00:43:18 -0600
Processing by HomeController#index as HTML
  Rendered home/index.html.erb within layouts/application (0.6ms)
Completed 200 OK in 21ms (Views: 20.3ms | ActiveRecord: 0.0ms)


Started GET "/assets/home.css?body=1" for 127.0.0.1 at 2015-01-29 00:43:18 -0600


Started GET "/assets/jquery_ujs.js?body=1" for 127.0.0.1 at 2015-01-29 00:43:18 -0600


Started GET "/assets/jquery.js?body=1" for 127.0.0.1 at 2015-01-29 00:43:18 -0600


Started GET "/assets/application.css?body=1" for 127.0.0.1 at 2015-01-29 00:43:18 -0600


Started GET "/assets/home.js?body=1" for 127.0.0.1 at 2015-01-29 00:43:18 -0600


Started GET "/assets/application.js?body=1" for 127.0.0.1 at 2015-01-29 00:43:18 -0600


Started GET "/" for 127.0.0.1 at 2015-01-29 00:43:27 -0600
Processing by HomeController#index as HTML
  Rendered home/index.html.erb within layouts/application (0.9ms)
Completed 200 OK in 15ms (Views: 13.9ms | ActiveRecord: 0.0ms)


Started GET "/assets/jquery_ujs.js?body=1" for 127.0.0.1 at 2015-01-29 00:43:27 -0600


Started GET "/assets/jquery.js?body=1" for 127.0.0.1 at 2015-01-29 00:43:27 -0600


Started GET "/assets/home.js?body=1" for 127.0.0.1 at 2015-01-29 00:43:27 -0600


Started GET "/assets/home.css?body=1" for 127.0.0.1 at 2015-01-29 00:43:27 -0600


Started GET "/assets/application.js?body=1" for 127.0.0.1 at 2015-01-29 00:43:27 -0600


Started GET "/assets/application.css?body=1" for 127.0.0.1 at 2015-01-29 00:43:27 -0600


Started GET "/" for 127.0.0.1 at 2015-01-29 00:45:42 -0600
Processing by HomeController#index as HTML
  Rendered home/index.html.erb within layouts/application (0.2ms)
Completed 500 Internal Server Error in 20ms

ActionView::Template::Error (Missing partial layouts/navigation with {:locale=>[:en], :formats=>[:html], :handlers=>[:erb, :builder, :raw, :ruby, :jbuilder, :coffee]}. Searched in:
  * "/Users/AJ/Rails/codemadethis/app/views"
):
     9: <body>
    10:   
    11:   <header>
    12:     <%= render 'layouts/navigation' %>
    13:   </header>
    14:   
    15:   <div id="main-view">
  app/views/layouts/application.html.erb:12:in `_app_views_layouts_application_html_erb__276337080389199706_70247037409260'


  Rendered /Users/AJ/.rvm/gems/ruby-2.2.0/gems/actionpack-4.0.2/lib/action_dispatch/middleware/templates/rescues/_trace.erb (1.9ms)
  Rendered /Users/AJ/.rvm/gems/ruby-2.2.0/gems/actionpack-4.0.2/lib/action_dispatch/middleware/templates/rescues/_request_and_response.erb (1.4ms)
  Rendered /Users/AJ/.rvm/gems/ruby-2.2.0/gems/actionpack-4.0.2/lib/action_dispatch/middleware/templates/rescues/template_error.erb within rescues/layout (58.7ms)


Started GET "/" for 127.0.0.1 at 2015-01-29 00:46:20 -0600
Processing by HomeController#index as HTML
  Rendered home/index.html.erb within layouts/application (0.1ms)
Completed 500 Internal Server Error in 16ms

ActionView::Template::Error (Missing partial layouts/navigation with {:locale=>[:en], :formats=>[:html], :handlers=>[:erb, :builder, :raw, :ruby, :jbuilder, :coffee]}. Searched in:
  * "/Users/AJ/Rails/codemadethis/app/views"
):
     9: <body>
    10:   
    11:   <header>
    12:     <%= render 'layouts/navigation' %>
    13:   </header>
    14:   
    15:   <div id="main-view">
  app/views/layouts/application.html.erb:12:in `_app_views_layouts_application_html_erb__276337080389199706_70247037409260'


  Rendered /Users/AJ/.rvm/gems/ruby-2.2.0/gems/actionpack-4.0.2/lib/action_dispatch/middleware/templates/rescues/_trace.erb (1.8ms)
  Rendered /Users/AJ/.rvm/gems/ruby-2.2.0/gems/actionpack-4.0.2/lib/action_dispatch/middleware/templates/rescues/_request_and_response.erb (1.6ms)
  Rendered /Users/AJ/.rvm/gems/ruby-2.2.0/gems/actionpack-4.0.2/lib/action_dispatch/middleware/templates/rescues/template_error.erb within rescues/layout (61.7ms)


Started GET "/" for 127.0.0.1 at 2015-01-29 00:47:16 -0600
Processing by HomeController#index as HTML
  Rendered home/index.html.erb within layouts/application (0.3ms)
  Rendered layouts/_navigation.html.erb (0.8ms)
Completed 500 Internal Server Error in 21ms

ActionView::Template::Error (Missing partial layouts/messages with {:locale=>[:en], :formats=>[:html], :handlers=>[:erb, :builder, :raw, :ruby, :jbuilder, :coffee]}. Searched in:
  * "/Users/AJ/Rails/codemadethis/app/views"
):
    13:   </header>
    14:   
    15:   <div id="main-view">
    16:     <%= render 'layouts/messages' %>
    17:     <%= yield %>
    18:   </div>
    19:   
  app/views/layouts/application.html.erb:16:in `_app_views_layouts_application_html_erb__276337080389199706_70247037409260'


  Rendered /Users/AJ/.rvm/gems/ruby-2.2.0/gems/actionpack-4.0.2/lib/action_dispatch/middleware/templates/rescues/_trace.erb (2.1ms)
  Rendered /Users/AJ/.rvm/gems/ruby-2.2.0/gems/actionpack-4.0.2/lib/action_dispatch/middleware/templates/rescues/_request_and_response.erb (1.4ms)
  Rendered /Users/AJ/.rvm/gems/ruby-2.2.0/gems/actionpack-4.0.2/lib/action_dispatch/middleware/templates/rescues/template_error.erb within rescues/layout (61.9ms)


Started GET "/" for 127.0.0.1 at 2015-01-29 00:47:37 -0600
Processing by HomeController#index as HTML
  Rendered home/index.html.erb within layouts/application (0.1ms)
  Rendered layouts/_navigation.html.erb (0.1ms)
  Rendered layouts/_messages.html.erb (0.5ms)
Completed 200 OK in 16ms (Views: 15.0ms | ActiveRecord: 0.0ms)


Started GET "/assets/application.css?body=1" for 127.0.0.1 at 2015-01-29 00:47:38 -0600


Started GET "/assets/jquery.js?body=1" for 127.0.0.1 at 2015-01-29 00:47:38 -0600


Started GET "/assets/application.js?body=1" for 127.0.0.1 at 2015-01-29 00:47:38 -0600


Started GET "/assets/home.js?body=1" for 127.0.0.1 at 2015-01-29 00:47:38 -0600


Started GET "/assets/home.css?body=1" for 127.0.0.1 at 2015-01-29 00:47:38 -0600


Started GET "/assets/jquery_ujs.js?body=1" for 127.0.0.1 at 2015-01-29 00:47:38 -0600


Started GET "/" for 127.0.0.1 at 2015-01-29 00:49:00 -0600
Processing by HomeController#index as HTML
  Rendered home/index.html.erb within layouts/application (0.2ms)
  Rendered layouts/_navigation.html.erb (0.1ms)
  Rendered layouts/_messages.html.erb (0.1ms)
Completed 200 OK in 21ms (Views: 20.2ms | ActiveRecord: 0.0ms)


Started GET "/assets/home.js?body=1" for 127.0.0.1 at 2015-01-29 00:49:00 -0600


Started GET "/assets/jquery_ujs.js?body=1" for 127.0.0.1 at 2015-01-29 00:49:00 -0600


Started GET "/assets/application.css?body=1" for 127.0.0.1 at 2015-01-29 00:49:00 -0600


Started GET "/assets/jquery.js?body=1" for 127.0.0.1 at 2015-01-29 00:49:00 -0600


Started GET "/assets/application.js?body=1" for 127.0.0.1 at 2015-01-29 00:49:00 -0600


Started GET "/assets/home.css?body=1" for 127.0.0.1 at 2015-01-29 00:49:00 -0600


Started GET "/assets/application.css?body=1" for 127.0.0.1 at 2015-01-29 00:49:05 -0600


Started GET "/assets/home.css?body=1" for 127.0.0.1 at 2015-01-29 00:49:05 -0600


Started GET "/" for 127.0.0.1 at 2015-01-29 00:52:24 -0600
Processing by HomeController#index as HTML
  Rendered home/index.html.erb within layouts/application (0.2ms)
  Rendered layouts/_navigation.html.erb (0.1ms)
  Rendered layouts/_messages.html.erb (0.1ms)
Completed 200 OK in 17ms (Views: 16.7ms | ActiveRecord: 0.0ms)


Started GET "/assets/application.css?body=1" for 127.0.0.1 at 2015-01-29 00:52:24 -0600


Started GET "/assets/home.css?body=1" for 127.0.0.1 at 2015-01-29 00:52:24 -0600


Started GET "/assets/jquery.js?body=1" for 127.0.0.1 at 2015-01-29 00:52:24 -0600


Started GET "/assets/application.js?body=1" for 127.0.0.1 at 2015-01-29 00:52:24 -0600


Started GET "/assets/home.js?body=1" for 127.0.0.1 at 2015-01-29 00:52:24 -0600


Started GET "/assets/jquery_ujs.js?body=1" for 127.0.0.1 at 2015-01-29 00:52:24 -0600


Started GET "/" for 127.0.0.1 at 2015-01-29 00:57:17 -0600
Processing by HomeController#index as HTML
  Rendered home/index.html.erb within layouts/application (0.7ms)
  Rendered layouts/_navigation.html.erb (0.1ms)
  Rendered layouts/_messages.html.erb (0.1ms)
Completed 200 OK in 180ms (Views: 179.2ms | ActiveRecord: 0.0ms)


Started GET "/assets/home.css?body=1" for 127.0.0.1 at 2015-01-29 00:57:17 -0600


Started GET "/assets/application.css?body=1" for 127.0.0.1 at 2015-01-29 00:57:17 -0600


Started GET "/assets/jquery.js?body=1" for 127.0.0.1 at 2015-01-29 00:57:17 -0600


Started GET "/assets/jquery_ujs.js?body=1" for 127.0.0.1 at 2015-01-29 00:57:17 -0600


Started GET "/assets/application.js?body=1" for 127.0.0.1 at 2015-01-29 00:57:17 -0600


Started GET "/assets/home.js?body=1" for 127.0.0.1 at 2015-01-29 00:57:17 -0600


Started GET "/" for 127.0.0.1 at 2015-01-29 00:59:34 -0600
Processing by HomeController#index as HTML
  Rendered home/index.html.erb within layouts/application (0.2ms)
  Rendered layouts/_navigation.html.erb (0.1ms)
  Rendered layouts/_messages.html.erb (0.0ms)
Completed 200 OK in 26ms (Views: 24.4ms | ActiveRecord: 0.0ms)


Started GET "/assets/home.css?body=1" for 127.0.0.1 at 2015-01-29 00:59:35 -0600


Started GET "/assets/jquery.js?body=1" for 127.0.0.1 at 2015-01-29 00:59:35 -0600


Started GET "/assets/home.js?body=1" for 127.0.0.1 at 2015-01-29 00:59:35 -0600


Started GET "/assets/jquery_ujs.js?body=1" for 127.0.0.1 at 2015-01-29 00:59:35 -0600


Started GET "/assets/application.js?body=1" for 127.0.0.1 at 2015-01-29 00:59:35 -0600


Started GET "/assets/application.css?body=1" for 127.0.0.1 at 2015-01-29 00:59:35 -0600


Started GET "/assets/application.css?body=1" for 127.0.0.1 at 2015-01-29 00:59:51 -0600


Started GET "/assets/home.css?body=1" for 127.0.0.1 at 2015-01-29 00:59:51 -0600


Started GET "/" for 127.0.0.1 at 2015-01-29 01:01:43 -0600
Processing by HomeController#index as HTML
  Rendered home/index.html.erb within layouts/application (0.1ms)
ERROR: compiling _app_views_layouts_application_html_erb__276337080389199706_70247032728860 RAISED /Users/AJ/Rails/codemadethis/app/views/layouts/application.html.erb:9: syntax error, unexpected '<'
  <%= stylesheet_link_tag "http:...
   ^
/Users/AJ/Rails/codemadethis/app/views/layouts/application.html.erb:9: syntax error, unexpected tCONSTANT, expecting ')'
...ts.googleapis.com/css?family=PT+Sans+Narrow:400,700">
...                               ^
/Users/AJ/Rails/codemadethis/app/views/layouts/application.html.erb:9: syntax error, unexpected tLABEL
....com/css?family=PT+Sans+Narrow:400,700">
...                               ^
/Users/AJ/Rails/codemadethis/app/views/layouts/application.html.erb:10: syntax error, unexpected tIDENTIFIER, expecting ')'
...script_include_tag "application", "data-turbolinks-track" =>...
...                               ^
/Users/AJ/Rails/codemadethis/app/views/layouts/application.html.erb:10: syntax error, unexpected tIDENTIFIER, expecting ')'
...nclude_tag "application", "data-turbolinks-track" => true );...
...                               ^
/Users/AJ/Rails/codemadethis/app/views/layouts/application.html.erb:10: syntax error, unexpected tSTRING_BEG, expecting keyword_do or '{' or '('
...ation", "data-turbolinks-track" => true );@output_buffer.saf...
...                               ^
/Users/AJ/Rails/codemadethis/app/views/layouts/application.html.erb:19: syntax error, unexpected tIDENTIFIER, expecting ')'
  <main role="main">
                  ^
/Users/AJ/Rails/codemadethis/app/views/layouts/application.html.erb:24: syntax error, unexpected tIDENTIFIER, expecting ')'
  <section id="sidebar-left">
                      ^
/Users/AJ/Rails/codemadethis/app/views/layouts/application.html.erb:24: syntax error, unexpected tSTRING_BEG, expecting keyword_do or '{' or '('
  <section id="sidebar-left">
                            ^
/Users/AJ/Rails/codemadethis/app/views/layouts/application.html.erb:24: unterminated string meets end of file
Function body:           def _app_views_layouts_application_html_erb__276337080389199706_70247032728860(local_assigns, output_buffer)
            _old_virtual_path, @virtual_path = @virtual_path, "layouts/application";_old_output_buffer = @output_buffer;;@output_buffer = output_buffer || ActionView::OutputBuffer.new;@output_buffer.safe_append='<!DOCTYPE html>
<html>
<head>
  <meta name="viewport" content="width=device-width, initial-scale=1.0">
  <title>';@output_buffer.append=( content_for?(:title) ? yield(:title) : "Code Made This" );@output_buffer.safe_append='</title>
  <meta name="description" content="';@output_buffer.append=( content_for?(:description) ? yield(:description) : "Doing it right." );@output_buffer.safe_append='">  ';@output_buffer.append=( stylesheet_link_tag "application", media: "all", "data-turbolinks-track" => true );@output_buffer.safe_append='
  ';@output_buffer.append=( stylesheet_link_tag 'application', media: 'all', 'data-turbolinks-track' => true );@output_buffer.safe_append='
  ';@output_buffer.append=( stylesheet_link_tag "http://fonts.googleapis.com/css?family=Oswald:400,300">
  <%= stylesheet_link_tag "http://fonts.googleapis.com/css?family=PT+Sans+Narrow:400,700">
  <%= javascript_include_tag "application", "data-turbolinks-track" => true );@output_buffer.safe_append='
  ';@output_buffer.append=( csrf_meta_tags );@output_buffer.safe_append='
</head>
<body>
  
  <header>
    ';@output_buffer.append=( render 'layouts/navigation' );@output_buffer.safe_append='
  </header>
  
  <main role="main">
    ';@output_buffer.append=( render 'layouts/messages' );@output_buffer.safe_append='
    ';@output_buffer.append=( yield );@output_buffer.safe_append='
  </main>
  
  <section id="sidebar-left">
    ';@output_buffer.append=( yield :sidebar_left );@output_buffer.safe_append='
  </section>

</body>
</html>
';@output_buffer.to_s
          ensure
            @virtual_path, @output_buffer = _old_virtual_path, _old_output_buffer
          end

Backtrace: /Users/AJ/.rvm/gems/ruby-2.2.0/gems/actionpack-4.0.2/lib/action_view/template.rb:299:in `module_eval'
/Users/AJ/.rvm/gems/ruby-2.2.0/gems/actionpack-4.0.2/lib/action_view/template.rb:299:in `compile'
/Users/AJ/.rvm/gems/ruby-2.2.0/gems/actionpack-4.0.2/lib/action_view/template.rb:248:in `block in compile!'
/Users/AJ/.rvm/gems/ruby-2.2.0/gems/actionpack-4.0.2/lib/action_view/template.rb:236:in `synchronize'
/Users/AJ/.rvm/gems/ruby-2.2.0/gems/actionpack-4.0.2/lib/action_view/template.rb:236:in `compile!'
/Users/AJ/.rvm/gems/ruby-2.2.0/gems/actionpack-4.0.2/lib/action_view/template.rb:142:in `block in render'
/Users/AJ/.rvm/gems/ruby-2.2.0/gems/activesupport-4.0.2/lib/active_support/notifications.rb:161:in `instrument'
/Users/AJ/.rvm/gems/ruby-2.2.0/gems/actionpack-4.0.2/lib/action_view/template.rb:141:in `render'
/Users/AJ/.rvm/gems/ruby-2.2.0/gems/actionpack-4.0.2/lib/action_view/renderer/template_renderer.rb:61:in `render_with_layout'
/Users/AJ/.rvm/gems/ruby-2.2.0/gems/actionpack-4.0.2/lib/action_view/renderer/template_renderer.rb:47:in `render_template'
/Users/AJ/.rvm/gems/ruby-2.2.0/gems/actionpack-4.0.2/lib/action_view/renderer/template_renderer.rb:17:in `render'
/Users/AJ/.rvm/gems/ruby-2.2.0/gems/actionpack-4.0.2/lib/action_view/renderer/renderer.rb:42:in `render_template'
/Users/AJ/.rvm/gems/ruby-2.2.0/gems/actionpack-4.0.2/lib/action_view/renderer/renderer.rb:23:in `render'
/Users/AJ/.rvm/gems/ruby-2.2.0/gems/actionpack-4.0.2/lib/abstract_controller/rendering.rb:127:in `_render_template'
/Users/AJ/.rvm/gems/ruby-2.2.0/gems/actionpack-4.0.2/lib/action_controller/metal/streaming.rb:219:in `_render_template'
/Users/AJ/.rvm/gems/ruby-2.2.0/gems/actionpack-4.0.2/lib/abstract_controller/rendering.rb:120:in `render_to_body'
/Users/AJ/.rvm/gems/ruby-2.2.0/gems/actionpack-4.0.2/lib/action_controller/metal/rendering.rb:33:in `render_to_body'
/Users/AJ/.rvm/gems/ruby-2.2.0/gems/actionpack-4.0.2/lib/action_controller/metal/renderers.rb:26:in `render_to_body'
/Users/AJ/.rvm/gems/ruby-2.2.0/gems/actionpack-4.0.2/lib/abstract_controller/rendering.rb:97:in `render'
/Users/AJ/.rvm/gems/ruby-2.2.0/gems/actionpack-4.0.2/lib/action_controller/metal/rendering.rb:16:in `render'
/Users/AJ/.rvm/gems/ruby-2.2.0/gems/actionpack-4.0.2/lib/action_controller/metal/instrumentation.rb:41:in `block (2 levels) in render'
/Users/AJ/.rvm/gems/ruby-2.2.0/gems/activesupport-4.0.2/lib/active_support/core_ext/benchmark.rb:12:in `block in ms'
/Users/AJ/.rvm/rubies/ruby-2.2.0/lib/ruby/2.2.0/benchmark.rb:303:in `realtime'
/Users/AJ/.rvm/gems/ruby-2.2.0/gems/activesupport-4.0.2/lib/active_support/core_ext/benchmark.rb:12:in `ms'
/Users/AJ/.rvm/gems/ruby-2.2.0/gems/actionpack-4.0.2/lib/action_controller/metal/instrumentation.rb:41:in `block in render'
/Users/AJ/.rvm/gems/ruby-2.2.0/gems/actionpack-4.0.2/lib/action_controller/metal/instrumentation.rb:84:in `cleanup_view_runtime'
/Users/AJ/.rvm/gems/ruby-2.2.0/gems/activerecord-4.0.2/lib/active_record/railties/controller_runtime.rb:25:in `cleanup_view_runtime'
/Users/AJ/.rvm/gems/ruby-2.2.0/gems/actionpack-4.0.2/lib/action_controller/metal/instrumentation.rb:40:in `render'
/Users/AJ/.rvm/gems/ruby-2.2.0/gems/actionpack-4.0.2/lib/action_controller/metal/implicit_render.rb:10:in `default_render'
/Users/AJ/.rvm/gems/ruby-2.2.0/gems/actionpack-4.0.2/lib/action_controller/metal/implicit_render.rb:5:in `send_action'
/Users/AJ/.rvm/gems/ruby-2.2.0/gems/actionpack-4.0.2/lib/abstract_controller/base.rb:189:in `process_action'
/Users/AJ/.rvm/gems/ruby-2.2.0/gems/actionpack-4.0.2/lib/action_controller/metal/rendering.rb:10:in `process_action'
/Users/AJ/.rvm/gems/ruby-2.2.0/gems/actionpack-4.0.2/lib/abstract_controller/callbacks.rb:18:in `block in process_action'
/Users/AJ/.rvm/gems/ruby-2.2.0/gems/activesupport-4.0.2/lib/active_support/callbacks.rb:403:in `_run__1191139241247838196__process_action__callbacks'
/Users/AJ/.rvm/gems/ruby-2.2.0/gems/activesupport-4.0.2/lib/active_support/callbacks.rb:80:in `run_callbacks'
/Users/AJ/.rvm/gems/ruby-2.2.0/gems/actionpack-4.0.2/lib/abstract_controller/callbacks.rb:17:in `process_action'
/Users/AJ/.rvm/gems/ruby-2.2.0/gems/actionpack-4.0.2/lib/action_controller/metal/rescue.rb:29:in `process_action'
/Users/AJ/.rvm/gems/ruby-2.2.0/gems/actionpack-4.0.2/lib/action_controller/metal/instrumentation.rb:31:in `block in process_action'
/Users/AJ/.rvm/gems/ruby-2.2.0/gems/activesupport-4.0.2/lib/active_support/notifications.rb:159:in `block in instrument'
/Users/AJ/.rvm/gems/ruby-2.2.0/gems/activesupport-4.0.2/lib/active_support/notifications/instrumenter.rb:20:in `instrument'
/Users/AJ/.rvm/gems/ruby-2.2.0/gems/activesupport-4.0.2/lib/active_support/notifications.rb:159:in `instrument'
/Users/AJ/.rvm/gems/ruby-2.2.0/gems/actionpack-4.0.2/lib/action_controller/metal/instrumentation.rb:30:in `process_action'
/Users/AJ/.rvm/gems/ruby-2.2.0/gems/actionpack-4.0.2/lib/action_controller/metal/params_wrapper.rb:245:in `process_action'
/Users/AJ/.rvm/gems/ruby-2.2.0/gems/activerecord-4.0.2/lib/active_record/railties/controller_runtime.rb:18:in `process_action'
/Users/AJ/.rvm/gems/ruby-2.2.0/gems/actionpack-4.0.2/lib/abstract_controller/base.rb:136:in `process'
/Users/AJ/.rvm/gems/ruby-2.2.0/gems/actionpack-4.0.2/lib/abstract_controller/rendering.rb:44:in `process'
/Users/AJ/.rvm/gems/ruby-2.2.0/gems/actionpack-4.0.2/lib/action_controller/metal.rb:195:in `dispatch'
/Users/AJ/.rvm/gems/ruby-2.2.0/gems/actionpack-4.0.2/lib/action_controller/metal/rack_delegation.rb:13:in `dispatch'
/Users/AJ/.rvm/gems/ruby-2.2.0/gems/actionpack-4.0.2/lib/action_controller/metal.rb:231:in `block in action'
/Users/AJ/.rvm/gems/ruby-2.2.0/gems/actionpack-4.0.2/lib/action_dispatch/routing/route_set.rb:80:in `call'
/Users/AJ/.rvm/gems/ruby-2.2.0/gems/actionpack-4.0.2/lib/action_dispatch/routing/route_set.rb:80:in `dispatch'
/Users/AJ/.rvm/gems/ruby-2.2.0/gems/actionpack-4.0.2/lib/action_dispatch/routing/route_set.rb:48:in `call'
/Users/AJ/.rvm/gems/ruby-2.2.0/gems/actionpack-4.0.2/lib/action_dispatch/journey/router.rb:71:in `block in call'
/Users/AJ/.rvm/gems/ruby-2.2.0/gems/actionpack-4.0.2/lib/action_dispatch/journey/router.rb:59:in `each'
/Users/AJ/.rvm/gems/ruby-2.2.0/gems/actionpack-4.0.2/lib/action_dispatch/journey/router.rb:59:in `call'
/Users/AJ/.rvm/gems/ruby-2.2.0/gems/actionpack-4.0.2/lib/action_dispatch/routing/route_set.rb:680:in `call'
/Users/AJ/.rvm/gems/ruby-2.2.0/gems/rack-1.5.2/lib/rack/etag.rb:23:in `call'
/Users/AJ/.rvm/gems/ruby-2.2.0/gems/rack-1.5.2/lib/rack/conditionalget.rb:25:in `call'
/Users/AJ/.rvm/gems/ruby-2.2.0/gems/rack-1.5.2/lib/rack/head.rb:11:in `call'
/Users/AJ/.rvm/gems/ruby-2.2.0/gems/actionpack-4.0.2/lib/action_dispatch/middleware/params_parser.rb:27:in `call'
/Users/AJ/.rvm/gems/ruby-2.2.0/gems/actionpack-4.0.2/lib/action_dispatch/middleware/flash.rb:241:in `call'
/Users/AJ/.rvm/gems/ruby-2.2.0/gems/rack-1.5.2/lib/rack/session/abstract/id.rb:225:in `context'
/Users/AJ/.rvm/gems/ruby-2.2.0/gems/rack-1.5.2/lib/rack/session/abstract/id.rb:220:in `call'
/Users/AJ/.rvm/gems/ruby-2.2.0/gems/actionpack-4.0.2/lib/action_dispatch/middleware/cookies.rb:486:in `call'
/Users/AJ/.rvm/gems/ruby-2.2.0/gems/activerecord-4.0.2/lib/active_record/query_cache.rb:36:in `call'
/Users/AJ/.rvm/gems/ruby-2.2.0/gems/activerecord-4.0.2/lib/active_record/connection_adapters/abstract/connection_pool.rb:626:in `call'
/Users/AJ/.rvm/gems/ruby-2.2.0/gems/activerecord-4.0.2/lib/active_record/migration.rb:369:in `call'
/Users/AJ/.rvm/gems/ruby-2.2.0/gems/actionpack-4.0.2/lib/action_dispatch/middleware/callbacks.rb:29:in `block in call'
/Users/AJ/.rvm/gems/ruby-2.2.0/gems/activesupport-4.0.2/lib/active_support/callbacks.rb:373:in `_run__1437666738984051831__call__callbacks'
/Users/AJ/.rvm/gems/ruby-2.2.0/gems/activesupport-4.0.2/lib/active_support/callbacks.rb:80:in `run_callbacks'
/Users/AJ/.rvm/gems/ruby-2.2.0/gems/actionpack-4.0.2/lib/action_dispatch/middleware/callbacks.rb:27:in `call'
/Users/AJ/.rvm/gems/ruby-2.2.0/gems/actionpack-4.0.2/lib/action_dispatch/middleware/reloader.rb:64:in `call'
/Users/AJ/.rvm/gems/ruby-2.2.0/gems/actionpack-4.0.2/lib/action_dispatch/middleware/remote_ip.rb:76:in `call'
/Users/AJ/.rvm/gems/ruby-2.2.0/gems/actionpack-4.0.2/lib/action_dispatch/middleware/debug_exceptions.rb:17:in `call'
/Users/AJ/.rvm/gems/ruby-2.2.0/gems/actionpack-4.0.2/lib/action_dispatch/middleware/show_exceptions.rb:30:in `call'
/Users/AJ/.rvm/gems/ruby-2.2.0/gems/railties-4.0.2/lib/rails/rack/logger.rb:38:in `call_app'
/Users/AJ/.rvm/gems/ruby-2.2.0/gems/railties-4.0.2/lib/rails/rack/logger.rb:20:in `block in call'
/Users/AJ/.rvm/gems/ruby-2.2.0/gems/activesupport-4.0.2/lib/active_support/tagged_logging.rb:67:in `block in tagged'
/Users/AJ/.rvm/gems/ruby-2.2.0/gems/activesupport-4.0.2/lib/active_support/tagged_logging.rb:25:in `tagged'
/Users/AJ/.rvm/gems/ruby-2.2.0/gems/activesupport-4.0.2/lib/active_support/tagged_logging.rb:67:in `tagged'
/Users/AJ/.rvm/gems/ruby-2.2.0/gems/railties-4.0.2/lib/rails/rack/logger.rb:20:in `call'
/Users/AJ/.rvm/gems/ruby-2.2.0/gems/actionpack-4.0.2/lib/action_dispatch/middleware/request_id.rb:21:in `call'
/Users/AJ/.rvm/gems/ruby-2.2.0/gems/rack-1.5.2/lib/rack/methodoverride.rb:21:in `call'
/Users/AJ/.rvm/gems/ruby-2.2.0/gems/rack-1.5.2/lib/rack/runtime.rb:17:in `call'
/Users/AJ/.rvm/gems/ruby-2.2.0/gems/activesupport-4.0.2/lib/active_support/cache/strategy/local_cache.rb:83:in `call'
/Users/AJ/.rvm/gems/ruby-2.2.0/gems/rack-1.5.2/lib/rack/lock.rb:17:in `call'
/Users/AJ/.rvm/gems/ruby-2.2.0/gems/actionpack-4.0.2/lib/action_dispatch/middleware/static.rb:64:in `call'
/Users/AJ/.rvm/gems/ruby-2.2.0/gems/rack-1.5.2/lib/rack/sendfile.rb:112:in `call'
/Users/AJ/.rvm/gems/ruby-2.2.0/gems/railties-4.0.2/lib/rails/engine.rb:511:in `call'
/Users/AJ/.rvm/gems/ruby-2.2.0/gems/railties-4.0.2/lib/rails/application.rb:97:in `call'
/Users/AJ/.rvm/gems/ruby-2.2.0/gems/rack-1.5.2/lib/rack/lock.rb:17:in `call'
/Users/AJ/.rvm/gems/ruby-2.2.0/gems/rack-1.5.2/lib/rack/content_length.rb:14:in `call'
/Users/AJ/.rvm/gems/ruby-2.2.0/gems/rack-1.5.2/lib/rack/handler/webrick.rb:60:in `service'
/Users/AJ/.rvm/rubies/ruby-2.2.0/lib/ruby/2.2.0/webrick/httpserver.rb:138:in `service'
/Users/AJ/.rvm/rubies/ruby-2.2.0/lib/ruby/2.2.0/webrick/httpserver.rb:94:in `run'
/Users/AJ/.rvm/rubies/ruby-2.2.0/lib/ruby/2.2.0/webrick/server.rb:294:in `block in start_thread'
Completed 500 Internal Server Error in 43ms

ActionView::Template::Error (/Users/AJ/Rails/codemadethis/app/views/layouts/application.html.erb:9: syntax error, unexpected '<'
  <%= stylesheet_link_tag "http:...
   ^
/Users/AJ/Rails/codemadethis/app/views/layouts/application.html.erb:9: syntax error, unexpected tCONSTANT, expecting ')'
...ts.googleapis.com/css?family=PT+Sans+Narrow:400,700">
...                               ^
/Users/AJ/Rails/codemadethis/app/views/layouts/application.html.erb:9: syntax error, unexpected tLABEL
....com/css?family=PT+Sans+Narrow:400,700">
...                               ^
/Users/AJ/Rails/codemadethis/app/views/layouts/application.html.erb:10: syntax error, unexpected tIDENTIFIER, expecting ')'
...script_include_tag "application", "data-turbolinks-track" =>...
...                               ^
/Users/AJ/Rails/codemadethis/app/views/layouts/application.html.erb:10: syntax error, unexpected tIDENTIFIER, expecting ')'
...nclude_tag "application", "data-turbolinks-track" => true );...
...                               ^
/Users/AJ/Rails/codemadethis/app/views/layouts/application.html.erb:10: syntax error, unexpected tSTRING_BEG, expecting keyword_do or '{' or '('
...ation", "data-turbolinks-track" => true );@output_buffer.saf...
...                               ^
/Users/AJ/Rails/codemadethis/app/views/layouts/application.html.erb:19: syntax error, unexpected tIDENTIFIER, expecting ')'
  <main role="main">
                  ^
/Users/AJ/Rails/codemadethis/app/views/layouts/application.html.erb:24: syntax error, unexpected tIDENTIFIER, expecting ')'
  <section id="sidebar-left">
                      ^
/Users/AJ/Rails/codemadethis/app/views/layouts/application.html.erb:24: syntax error, unexpected tSTRING_BEG, expecting keyword_do or '{' or '('
  <section id="sidebar-left">
                            ^
/Users/AJ/Rails/codemadethis/app/views/layouts/application.html.erb:24: unterminated string meets end of file):
     6:   <meta name="description" content="<%= content_for?(:description) ? yield(:description) : "Doing it right." %>">  <%= stylesheet_link_tag "application", media: "all", "data-turbolinks-track" => true %>
     7:   <%= stylesheet_link_tag 'application', media: 'all', 'data-turbolinks-track' => true %>
     8:   <%= stylesheet_link_tag "http://fonts.googleapis.com/css?family=Oswald:400,300">
     9:   <%= stylesheet_link_tag "http://fonts.googleapis.com/css?family=PT+Sans+Narrow:400,700">
    10:   <%= javascript_include_tag "application", "data-turbolinks-track" => true %>
    11:   <%= csrf_meta_tags %>
    12: </head>
  actionpack (4.0.2) lib/action_view/template.rb:299:in `module_eval'
  actionpack (4.0.2) lib/action_view/template.rb:299:in `compile'
  actionpack (4.0.2) lib/action_view/template.rb:248:in `block in compile!'
  actionpack (4.0.2) lib/action_view/template.rb:236:in `synchronize'
  actionpack (4.0.2) lib/action_view/template.rb:236:in `compile!'
  actionpack (4.0.2) lib/action_view/template.rb:142:in `block in render'
  activesupport (4.0.2) lib/active_support/notifications.rb:161:in `instrument'
  actionpack (4.0.2) lib/action_view/template.rb:141:in `render'
  actionpack (4.0.2) lib/action_view/renderer/template_renderer.rb:61:in `render_with_layout'
  actionpack (4.0.2) lib/action_view/renderer/template_renderer.rb:47:in `render_template'
  actionpack (4.0.2) lib/action_view/renderer/template_renderer.rb:17:in `render'
  actionpack (4.0.2) lib/action_view/renderer/renderer.rb:42:in `render_template'
  actionpack (4.0.2) lib/action_view/renderer/renderer.rb:23:in `render'
  actionpack (4.0.2) lib/abstract_controller/rendering.rb:127:in `_render_template'
  actionpack (4.0.2) lib/action_controller/metal/streaming.rb:219:in `_render_template'
  actionpack (4.0.2) lib/abstract_controller/rendering.rb:120:in `render_to_body'
  actionpack (4.0.2) lib/action_controller/metal/rendering.rb:33:in `render_to_body'
  actionpack (4.0.2) lib/action_controller/metal/renderers.rb:26:in `render_to_body'
  actionpack (4.0.2) lib/abstract_controller/rendering.rb:97:in `render'
  actionpack (4.0.2) lib/action_controller/metal/rendering.rb:16:in `render'
  actionpack (4.0.2) lib/action_controller/metal/instrumentation.rb:41:in `block (2 levels) in render'
  activesupport (4.0.2) lib/active_support/core_ext/benchmark.rb:12:in `block in ms'
  /Users/AJ/.rvm/rubies/ruby-2.2.0/lib/ruby/2.2.0/benchmark.rb:303:in `realtime'
  activesupport (4.0.2) lib/active_support/core_ext/benchmark.rb:12:in `ms'
  actionpack (4.0.2) lib/action_controller/metal/instrumentation.rb:41:in `block in render'
  actionpack (4.0.2) lib/action_controller/metal/instrumentation.rb:84:in `cleanup_view_runtime'
  activerecord (4.0.2) lib/active_record/railties/controller_runtime.rb:25:in `cleanup_view_runtime'
  actionpack (4.0.2) lib/action_controller/metal/instrumentation.rb:40:in `render'
  actionpack (4.0.2) lib/action_controller/metal/implicit_render.rb:10:in `default_render'
  actionpack (4.0.2) lib/action_controller/metal/implicit_render.rb:5:in `send_action'
  actionpack (4.0.2) lib/abstract_controller/base.rb:189:in `process_action'
  actionpack (4.0.2) lib/action_controller/metal/rendering.rb:10:in `process_action'
  actionpack (4.0.2) lib/abstract_controller/callbacks.rb:18:in `block in process_action'
  activesupport (4.0.2) lib/active_support/callbacks.rb:403:in `_run__1191139241247838196__process_action__callbacks'
  activesupport (4.0.2) lib/active_support/callbacks.rb:80:in `run_callbacks'
  actionpack (4.0.2) lib/abstract_controller/callbacks.rb:17:in `process_action'
  actionpack (4.0.2) lib/action_controller/metal/rescue.rb:29:in `process_action'
  actionpack (4.0.2) lib/action_controller/metal/instrumentation.rb:31:in `block in process_action'
  activesupport (4.0.2) lib/active_support/notifications.rb:159:in `block in instrument'
  activesupport (4.0.2) lib/active_support/notifications/instrumenter.rb:20:in `instrument'
  activesupport (4.0.2) lib/active_support/notifications.rb:159:in `instrument'
  actionpack (4.0.2) lib/action_controller/metal/instrumentation.rb:30:in `process_action'
  actionpack (4.0.2) lib/action_controller/metal/params_wrapper.rb:245:in `process_action'
  activerecord (4.0.2) lib/active_record/railties/controller_runtime.rb:18:in `process_action'
  actionpack (4.0.2) lib/abstract_controller/base.rb:136:in `process'
  actionpack (4.0.2) lib/abstract_controller/rendering.rb:44:in `process'
  actionpack (4.0.2) lib/action_controller/metal.rb:195:in `dispatch'
  actionpack (4.0.2) lib/action_controller/metal/rack_delegation.rb:13:in `dispatch'
  actionpack (4.0.2) lib/action_controller/metal.rb:231:in `block in action'
  actionpack (4.0.2) lib/action_dispatch/routing/route_set.rb:80:in `call'
  actionpack (4.0.2) lib/action_dispatch/routing/route_set.rb:80:in `dispatch'
  actionpack (4.0.2) lib/action_dispatch/routing/route_set.rb:48:in `call'
  actionpack (4.0.2) lib/action_dispatch/journey/router.rb:71:in `block in call'
  actionpack (4.0.2) lib/action_dispatch/journey/router.rb:59:in `each'
  actionpack (4.0.2) lib/action_dispatch/journey/router.rb:59:in `call'
  actionpack (4.0.2) lib/action_dispatch/routing/route_set.rb:680:in `call'
  rack (1.5.2) lib/rack/etag.rb:23:in `call'
  rack (1.5.2) lib/rack/conditionalget.rb:25:in `call'
  rack (1.5.2) lib/rack/head.rb:11:in `call'
  actionpack (4.0.2) lib/action_dispatch/middleware/params_parser.rb:27:in `call'
  actionpack (4.0.2) lib/action_dispatch/middleware/flash.rb:241:in `call'
  rack (1.5.2) lib/rack/session/abstract/id.rb:225:in `context'
  rack (1.5.2) lib/rack/session/abstract/id.rb:220:in `call'
  actionpack (4.0.2) lib/action_dispatch/middleware/cookies.rb:486:in `call'
  activerecord (4.0.2) lib/active_record/query_cache.rb:36:in `call'
  activerecord (4.0.2) lib/active_record/connection_adapters/abstract/connection_pool.rb:626:in `call'
  activerecord (4.0.2) lib/active_record/migration.rb:369:in `call'
  actionpack (4.0.2) lib/action_dispatch/middleware/callbacks.rb:29:in `block in call'
  activesupport (4.0.2) lib/active_support/callbacks.rb:373:in `_run__1437666738984051831__call__callbacks'
  activesupport (4.0.2) lib/active_support/callbacks.rb:80:in `run_callbacks'
  actionpack (4.0.2) lib/action_dispatch/middleware/callbacks.rb:27:in `call'
  actionpack (4.0.2) lib/action_dispatch/middleware/reloader.rb:64:in `call'
  actionpack (4.0.2) lib/action_dispatch/middleware/remote_ip.rb:76:in `call'
  actionpack (4.0.2) lib/action_dispatch/middleware/debug_exceptions.rb:17:in `call'
  actionpack (4.0.2) lib/action_dispatch/middleware/show_exceptions.rb:30:in `call'
  railties (4.0.2) lib/rails/rack/logger.rb:38:in `call_app'
  railties (4.0.2) lib/rails/rack/logger.rb:20:in `block in call'
  activesupport (4.0.2) lib/active_support/tagged_logging.rb:67:in `block in tagged'
  activesupport (4.0.2) lib/active_support/tagged_logging.rb:25:in `tagged'
  activesupport (4.0.2) lib/active_support/tagged_logging.rb:67:in `tagged'
  railties (4.0.2) lib/rails/rack/logger.rb:20:in `call'
  actionpack (4.0.2) lib/action_dispatch/middleware/request_id.rb:21:in `call'
  rack (1.5.2) lib/rack/methodoverride.rb:21:in `call'
  rack (1.5.2) lib/rack/runtime.rb:17:in `call'
  activesupport (4.0.2) lib/active_support/cache/strategy/local_cache.rb:83:in `call'
  rack (1.5.2) lib/rack/lock.rb:17:in `call'
  actionpack (4.0.2) lib/action_dispatch/middleware/static.rb:64:in `call'
  rack (1.5.2) lib/rack/sendfile.rb:112:in `call'
  railties (4.0.2) lib/rails/engine.rb:511:in `call'
  railties (4.0.2) lib/rails/application.rb:97:in `call'
  rack (1.5.2) lib/rack/lock.rb:17:in `call'
  rack (1.5.2) lib/rack/content_length.rb:14:in `call'
  rack (1.5.2) lib/rack/handler/webrick.rb:60:in `service'
  /Users/AJ/.rvm/rubies/ruby-2.2.0/lib/ruby/2.2.0/webrick/httpserver.rb:138:in `service'
  /Users/AJ/.rvm/rubies/ruby-2.2.0/lib/ruby/2.2.0/webrick/httpserver.rb:94:in `run'
  /Users/AJ/.rvm/rubies/ruby-2.2.0/lib/ruby/2.2.0/webrick/server.rb:294:in `block in start_thread'


  Rendered /Users/AJ/.rvm/gems/ruby-2.2.0/gems/actionpack-4.0.2/lib/action_dispatch/middleware/templates/rescues/_trace.erb (2.2ms)
  Rendered /Users/AJ/.rvm/gems/ruby-2.2.0/gems/actionpack-4.0.2/lib/action_dispatch/middleware/templates/rescues/_request_and_response.erb (1.4ms)
  Rendered /Users/AJ/.rvm/gems/ruby-2.2.0/gems/actionpack-4.0.2/lib/action_dispatch/middleware/templates/rescues/template_error.erb within rescues/layout (63.7ms)


Started GET "/" for 127.0.0.1 at 2015-01-29 01:01:59 -0600
Processing by HomeController#index as HTML
  Rendered home/index.html.erb within layouts/application (0.1ms)
  Rendered layouts/_navigation.html.erb (0.1ms)
  Rendered layouts/_messages.html.erb (0.0ms)
Completed 200 OK in 24ms (Views: 23.2ms | ActiveRecord: 0.0ms)


Started GET "/assets/home.css?body=1" for 127.0.0.1 at 2015-01-29 01:01:59 -0600


Started GET "/assets/jquery_ujs.js?body=1" for 127.0.0.1 at 2015-01-29 01:01:59 -0600


Started GET "/assets/jquery.js?body=1" for 127.0.0.1 at 2015-01-29 01:01:59 -0600


Started GET "/assets/application.css?body=1" for 127.0.0.1 at 2015-01-29 01:01:59 -0600


Started GET "/assets/home.js?body=1" for 127.0.0.1 at 2015-01-29 01:01:59 -0600


Started GET "/assets/application.js?body=1" for 127.0.0.1 at 2015-01-29 01:01:59 -0600


Started GET "/" for 127.0.0.1 at 2015-01-29 01:04:42 -0600
Processing by HomeController#index as HTML
  Rendered home/index.html.erb within layouts/application (0.2ms)
  Rendered layouts/_navigation.html.erb (0.1ms)
  Rendered layouts/_messages.html.erb (0.1ms)
Completed 200 OK in 107ms (Views: 106.5ms | ActiveRecord: 0.0ms)


Started GET "/assets/icomoon.css?body=1" for 127.0.0.1 at 2015-01-29 01:04:42 -0600


Started GET "/assets/main.css?body=1" for 127.0.0.1 at 2015-01-29 01:04:42 -0600


Started GET "/assets/jquery.js?body=1" for 127.0.0.1 at 2015-01-29 01:04:42 -0600


Started GET "/assets/home.css?body=1" for 127.0.0.1 at 2015-01-29 01:04:42 -0600


Started GET "/assets/application.css?body=1" for 127.0.0.1 at 2015-01-29 01:04:43 -0600


Started GET "/assets/normalize.css?body=1" for 127.0.0.1 at 2015-01-29 01:04:43 -0600


Started GET "/assets/application.js?body=1" for 127.0.0.1 at 2015-01-29 01:04:43 -0600


Started GET "/assets/home.js?body=1" for 127.0.0.1 at 2015-01-29 01:04:43 -0600


Started GET "/assets/jquery_ujs.js?body=1" for 127.0.0.1 at 2015-01-29 01:04:43 -0600


Started GET "/" for 127.0.0.1 at 2015-01-29 01:06:22 -0600
Processing by HomeController#index as HTML
  Rendered home/index.html.erb within layouts/application (0.2ms)
  Rendered layouts/_navigation.html.erb (0.1ms)
  Rendered layouts/_messages.html.erb (0.1ms)
Completed 200 OK in 148ms (Views: 145.0ms | ActiveRecord: 0.0ms)


Started GET "/assets/plugins.js?body=1" for 127.0.0.1 at 2015-01-29 01:06:22 -0600


Started GET "/assets/application.css?body=1" for 127.0.0.1 at 2015-01-29 01:06:22 -0600


Started GET "/assets/jquery.js?body=1" for 127.0.0.1 at 2015-01-29 01:06:22 -0600


Started GET "/assets/application.js?body=1" for 127.0.0.1 at 2015-01-29 01:06:22 -0600


Started GET "/assets/home.js?body=1" for 127.0.0.1 at 2015-01-29 01:06:22 -0600


Started GET "/assets/home.css?body=1" for 127.0.0.1 at 2015-01-29 01:06:22 -0600


Started GET "/assets/jquery_ujs.js?body=1" for 127.0.0.1 at 2015-01-29 01:06:22 -0600


Started GET "/assets/main.js?body=1" for 127.0.0.1 at 2015-01-29 01:06:22 -0600


Started GET "/" for 127.0.0.1 at 2015-01-29 01:07:35 -0600
Processing by HomeController#index as HTML
  Rendered home/index.html.erb within layouts/application (4.9ms)
  Rendered layouts/_navigation.html.erb (0.1ms)
  Rendered layouts/_messages.html.erb (0.1ms)
Completed 200 OK in 41ms (Views: 40.0ms | ActiveRecord: 0.0ms)


Started GET "/assets/home.css?body=1" for 127.0.0.1 at 2015-01-29 01:07:35 -0600


Started GET "/assets/jquery.js?body=1" for 127.0.0.1 at 2015-01-29 01:07:35 -0600


Started GET "/assets/application.js?body=1" for 127.0.0.1 at 2015-01-29 01:07:35 -0600


Started GET "/assets/jquery_ujs.js?body=1" for 127.0.0.1 at 2015-01-29 01:07:35 -0600


Started GET "/assets/home.js?body=1" for 127.0.0.1 at 2015-01-29 01:07:35 -0600


Started GET "/assets/application.css?body=1" for 127.0.0.1 at 2015-01-29 01:07:35 -0600


Started GET "/" for 127.0.0.1 at 2015-01-29 01:08:04 -0600
Processing by HomeController#index as HTML
  Rendered home/index.html.erb within layouts/application (0.1ms)
  Rendered layouts/_navigation.html.erb (0.1ms)
  Rendered layouts/_messages.html.erb (0.0ms)
Completed 200 OK in 61ms (Views: 60.3ms | ActiveRecord: 0.0ms)


Started GET "/assets/home.css?body=1" for 127.0.0.1 at 2015-01-29 01:08:04 -0600


Started GET "/assets/application.css?body=1" for 127.0.0.1 at 2015-01-29 01:08:04 -0600


Started GET "/assets/jquery.js?body=1" for 127.0.0.1 at 2015-01-29 01:08:05 -0600


Started GET "/assets/jquery_ujs.js?body=1" for 127.0.0.1 at 2015-01-29 01:08:05 -0600


Started GET "/assets/application.js?body=1" for 127.0.0.1 at 2015-01-29 01:08:05 -0600


Started GET "/assets/home.js?body=1" for 127.0.0.1 at 2015-01-29 01:08:05 -0600


Started GET "/" for 127.0.0.1 at 2015-01-29 01:08:14 -0600
Processing by HomeController#index as HTML
  Rendered home/index.html.erb within layouts/application (0.1ms)
  Rendered layouts/_navigation.html.erb (0.2ms)
  Rendered layouts/_messages.html.erb (0.1ms)
Completed 200 OK in 92ms (Views: 88.0ms | ActiveRecord: 0.0ms)


Started GET "/assets/application.css?body=1" for 127.0.0.1 at 2015-01-29 01:08:14 -0600


Started GET "/assets/home.js?body=1" for 127.0.0.1 at 2015-01-29 01:08:14 -0600


Started GET "/assets/home.css?body=1" for 127.0.0.1 at 2015-01-29 01:08:14 -0600


Started GET "/assets/application.js?body=1" for 127.0.0.1 at 2015-01-29 01:08:14 -0600


Started GET "/assets/jquery.js?body=1" for 127.0.0.1 at 2015-01-29 01:08:14 -0600


Started GET "/assets/jquery_ujs.js?body=1" for 127.0.0.1 at 2015-01-29 01:08:14 -0600


Started GET "/" for 127.0.0.1 at 2015-01-29 01:09:22 -0600
Processing by HomeController#index as HTML
  Rendered home/index.html.erb within layouts/application (0.1ms)
  Rendered layouts/_navigation.html.erb (0.1ms)
  Rendered layouts/_messages.html.erb (0.0ms)
Completed 200 OK in 92ms (Views: 90.9ms | ActiveRecord: 0.0ms)


Started GET "/assets/home.css?body=1" for 127.0.0.1 at 2015-01-29 01:09:23 -0600


Started GET "/assets/application.css?body=1" for 127.0.0.1 at 2015-01-29 01:09:23 -0600


Started GET "/assets/application.js?body=1" for 127.0.0.1 at 2015-01-29 01:09:23 -0600


Started GET "/assets/jquery.js?body=1" for 127.0.0.1 at 2015-01-29 01:09:23 -0600


Started GET "/assets/jquery_ujs.js?body=1" for 127.0.0.1 at 2015-01-29 01:09:23 -0600


Started GET "/assets/home.js?body=1" for 127.0.0.1 at 2015-01-29 01:09:23 -0600


Started GET "/" for 127.0.0.1 at 2015-01-29 01:10:02 -0600
Processing by HomeController#index as HTML
  Rendered home/index.html.erb within layouts/application (0.1ms)
  Rendered layouts/_navigation.html.erb (0.1ms)
  Rendered layouts/_messages.html.erb (0.1ms)
Completed 200 OK in 35ms (Views: 34.5ms | ActiveRecord: 0.0ms)


Started GET "/assets/application.css?body=1" for 127.0.0.1 at 2015-01-29 01:10:02 -0600


Started GET "/assets/home.css?body=1" for 127.0.0.1 at 2015-01-29 01:10:02 -0600


Started GET "/assets/jquery_ujs.js?body=1" for 127.0.0.1 at 2015-01-29 01:10:02 -0600


Started GET "/assets/home.js?body=1" for 127.0.0.1 at 2015-01-29 01:10:02 -0600


Started GET "/assets/jquery.js?body=1" for 127.0.0.1 at 2015-01-29 01:10:02 -0600


Started GET "/assets/application.js?body=1" for 127.0.0.1 at 2015-01-29 01:10:02 -0600


Started GET "/" for 127.0.0.1 at 2015-01-29 01:11:58 -0600
Processing by HomeController#index as HTML
  Rendered home/index.html.erb within layouts/application (0.1ms)
  Rendered layouts/_navigation.html.erb (0.1ms)
  Rendered layouts/_messages.html.erb (0.1ms)
Completed 200 OK in 97ms (Views: 96.3ms | ActiveRecord: 0.0ms)


Started GET "/assets/application.css?body=1" for 127.0.0.1 at 2015-01-29 01:11:58 -0600


Started GET "/assets/home.js?body=1" for 127.0.0.1 at 2015-01-29 01:11:58 -0600


Started GET "/assets/jquery.js?body=1" for 127.0.0.1 at 2015-01-29 01:11:58 -0600


Started GET "/assets/jquery_ujs.js?body=1" for 127.0.0.1 at 2015-01-29 01:11:58 -0600


Started GET "/assets/application.js?body=1" for 127.0.0.1 at 2015-01-29 01:11:58 -0600


Started GET "/assets/home.css?body=1" for 127.0.0.1 at 2015-01-29 01:11:58 -0600


Started GET "/" for 127.0.0.1 at 2015-01-29 01:12:14 -0600
Processing by HomeController#index as HTML
  Rendered home/index.html.erb within layouts/application (0.1ms)
  Rendered layouts/_navigation.html.erb (0.1ms)
  Rendered layouts/_messages.html.erb (0.1ms)
Completed 200 OK in 71ms (Views: 70.4ms | ActiveRecord: 0.0ms)


Started GET "/assets/home.css?body=1" for 127.0.0.1 at 2015-01-29 01:12:14 -0600


Started GET "/assets/jquery.js?body=1" for 127.0.0.1 at 2015-01-29 01:12:14 -0600


Started GET "/assets/jquery_ujs.js?body=1" for 127.0.0.1 at 2015-01-29 01:12:14 -0600


Started GET "/assets/application.js?body=1" for 127.0.0.1 at 2015-01-29 01:12:14 -0600


Started GET "/assets/home.js?body=1" for 127.0.0.1 at 2015-01-29 01:12:14 -0600


Started GET "/assets/application.css?body=1" for 127.0.0.1 at 2015-01-29 01:12:14 -0600


Started GET "/" for 127.0.0.1 at 2015-01-29 01:14:59 -0600
Processing by HomeController#index as HTML
  Rendered home/index.html.erb within layouts/application (0.1ms)
  Rendered layouts/_navigation.html.erb (0.1ms)
  Rendered layouts/_messages.html.erb (0.0ms)
Completed 200 OK in 96ms (Views: 95.7ms | ActiveRecord: 0.0ms)


Started GET "/assets/home.css?body=1" for 127.0.0.1 at 2015-01-29 01:15:00 -0600


Started GET "/assets/application.css?body=1" for 127.0.0.1 at 2015-01-29 01:15:00 -0600


Started GET "/assets/jquery.js?body=1" for 127.0.0.1 at 2015-01-29 01:15:00 -0600


Started GET "/assets/jquery_ujs.js?body=1" for 127.0.0.1 at 2015-01-29 01:15:00 -0600


Started GET "/assets/application.js?body=1" for 127.0.0.1 at 2015-01-29 01:15:00 -0600


Started GET "/assets/home.js?body=1" for 127.0.0.1 at 2015-01-29 01:15:00 -0600


Started GET "/" for 127.0.0.1 at 2015-01-29 01:16:14 -0600
Processing by HomeController#index as HTML
  Rendered home/index.html.erb within layouts/application (0.1ms)
  Rendered layouts/_navigation.html.erb (0.1ms)
  Rendered layouts/_messages.html.erb (0.1ms)
Completed 200 OK in 53ms (Views: 52.5ms | ActiveRecord: 0.0ms)


Started GET "/assets/application.css?body=1" for 127.0.0.1 at 2015-01-29 01:16:14 -0600


Started GET "/assets/application.js?body=1" for 127.0.0.1 at 2015-01-29 01:16:14 -0600


Started GET "/assets/jquery.js?body=1" for 127.0.0.1 at 2015-01-29 01:16:14 -0600


Started GET "/assets/jquery_ujs.js?body=1" for 127.0.0.1 at 2015-01-29 01:16:14 -0600


Started GET "/assets/home.js?body=1" for 127.0.0.1 at 2015-01-29 01:16:14 -0600


Started GET "/assets/home.css?body=1" for 127.0.0.1 at 2015-01-29 01:16:14 -0600


Started GET "/assets/application.css?body=1" for 127.0.0.1 at 2015-01-29 01:16:19 -0600


Started GET "/assets/home.css?body=1" for 127.0.0.1 at 2015-01-29 01:16:19 -0600


Started GET "/assets/icomoon.css?body=1" for 127.0.0.1 at 2015-01-29 01:16:19 -0600


Started GET "/assets/main.css?body=1" for 127.0.0.1 at 2015-01-29 01:16:19 -0600


Started GET "/assets/normalize.css?body=1" for 127.0.0.1 at 2015-01-29 01:16:19 -0600


Started GET "/assets/application.css?body=1" for 127.0.0.1 at 2015-01-29 01:18:05 -0600


Started GET "/assets/home.css?body=1" for 127.0.0.1 at 2015-01-29 01:18:05 -0600


Started GET "/assets/icomoon.css?body=1" for 127.0.0.1 at 2015-01-29 01:18:05 -0600


Started GET "/assets/main.css?body=1" for 127.0.0.1 at 2015-01-29 01:18:05 -0600


Started GET "/assets/normalize.css?body=1" for 127.0.0.1 at 2015-01-29 01:18:05 -0600


Started GET "/" for 127.0.0.1 at 2015-01-29 01:19:45 -0600
Processing by HomeController#index as HTML
  Rendered home/index.html.erb within layouts/application (0.1ms)
  Rendered layouts/_navigation.html.erb (0.1ms)
  Rendered layouts/_messages.html.erb (0.1ms)
Completed 200 OK in 92ms (Views: 91.6ms | ActiveRecord: 0.0ms)


Started GET "/assets/icomoon.css?body=1" for 127.0.0.1 at 2015-01-29 01:19:46 -0600


Started GET "/assets/home.css?body=1" for 127.0.0.1 at 2015-01-29 01:19:46 -0600


Started GET "/assets/normalize.css?body=1" for 127.0.0.1 at 2015-01-29 01:19:46 -0600


Started GET "/assets/main.css?body=1" for 127.0.0.1 at 2015-01-29 01:19:46 -0600


Started GET "/assets/jquery.js?body=1" for 127.0.0.1 at 2015-01-29 01:19:46 -0600


Started GET "/assets/jquery_ujs.js?body=1" for 127.0.0.1 at 2015-01-29 01:19:46 -0600


Started GET "/assets/home.js?body=1" for 127.0.0.1 at 2015-01-29 01:19:46 -0600


Started GET "/assets/main.js?body=1" for 127.0.0.1 at 2015-01-29 01:19:46 -0600


Started GET "/assets/application.css?body=1" for 127.0.0.1 at 2015-01-29 01:19:46 -0600


Started GET "/assets/plugins.js?body=1" for 127.0.0.1 at 2015-01-29 01:19:46 -0600


Started GET "/assets/application.js?body=1" for 127.0.0.1 at 2015-01-29 01:19:46 -0600


Started GET "/" for 127.0.0.1 at 2015-01-29 01:20:01 -0600
Processing by HomeController#index as HTML
  Rendered home/index.html.erb within layouts/application (0.1ms)
  Rendered layouts/_navigation.html.erb (0.1ms)
  Rendered layouts/_messages.html.erb (0.0ms)
Completed 200 OK in 63ms (Views: 61.4ms | ActiveRecord: 0.0ms)


Started GET "/assets/icomoon.css?body=1" for 127.0.0.1 at 2015-01-29 01:20:01 -0600


Started GET "/assets/home.css?body=1" for 127.0.0.1 at 2015-01-29 01:20:02 -0600


Started GET "/assets/normalize.css?body=1" for 127.0.0.1 at 2015-01-29 01:20:02 -0600


Started GET "/assets/main.css?body=1" for 127.0.0.1 at 2015-01-29 01:20:02 -0600


Started GET "/assets/jquery.js?body=1" for 127.0.0.1 at 2015-01-29 01:20:02 -0600


Started GET "/assets/jquery_ujs.js?body=1" for 127.0.0.1 at 2015-01-29 01:20:02 -0600


Started GET "/assets/home.js?body=1" for 127.0.0.1 at 2015-01-29 01:20:02 -0600


Started GET "/assets/application.css?body=1" for 127.0.0.1 at 2015-01-29 01:20:02 -0600


Started GET "/assets/main.js?body=1" for 127.0.0.1 at 2015-01-29 01:20:02 -0600


Started GET "/assets/plugins.js?body=1" for 127.0.0.1 at 2015-01-29 01:20:02 -0600


Started GET "/assets/application.js?body=1" for 127.0.0.1 at 2015-01-29 01:20:02 -0600


Started GET "/" for 127.0.0.1 at 2015-01-29 01:20:13 -0600
Processing by HomeController#index as HTML
  Rendered home/index.html.erb within layouts/application (0.1ms)
  Rendered layouts/_navigation.html.erb (0.1ms)
  Rendered layouts/_messages.html.erb (0.0ms)
Completed 200 OK in 87ms (Views: 85.9ms | ActiveRecord: 0.0ms)


Started GET "/assets/home.css?body=1" for 127.0.0.1 at 2015-01-29 01:20:13 -0600


Started GET "/assets/icomoon.css?body=1" for 127.0.0.1 at 2015-01-29 01:20:13 -0600


Started GET "/assets/normalize.css?body=1" for 127.0.0.1 at 2015-01-29 01:20:13 -0600


Started GET "/assets/jquery.js?body=1" for 127.0.0.1 at 2015-01-29 01:20:13 -0600


Started GET "/assets/jquery_ujs.js?body=1" for 127.0.0.1 at 2015-01-29 01:20:13 -0600


Started GET "/assets/main.css?body=1" for 127.0.0.1 at 2015-01-29 01:20:13 -0600


Started GET "/assets/plugins.js?body=1" for 127.0.0.1 at 2015-01-29 01:20:13 -0600


Started GET "/assets/application.js?body=1" for 127.0.0.1 at 2015-01-29 01:20:13 -0600


Started GET "/assets/main.js?body=1" for 127.0.0.1 at 2015-01-29 01:20:13 -0600


Started GET "/assets/home.js?body=1" for 127.0.0.1 at 2015-01-29 01:20:13 -0600


Started GET "/assets/application.css?body=1" for 127.0.0.1 at 2015-01-29 01:20:13 -0600


Started GET "/" for 127.0.0.1 at 2015-01-29 01:20:37 -0600
Processing by HomeController#index as HTML
  Rendered home/index.html.erb within layouts/application (0.1ms)
  Rendered layouts/_navigation.html.erb (0.2ms)
  Rendered layouts/_messages.html.erb (0.0ms)
Completed 200 OK in 76ms (Views: 75.3ms | ActiveRecord: 0.0ms)


Started GET "/assets/home.css?body=1" for 127.0.0.1 at 2015-01-29 01:20:37 -0600


Started GET "/assets/icomoon.css?body=1" for 127.0.0.1 at 2015-01-29 01:20:37 -0600


Started GET "/assets/normalize.css?body=1" for 127.0.0.1 at 2015-01-29 01:20:37 -0600


Started GET "/assets/jquery.js?body=1" for 127.0.0.1 at 2015-01-29 01:20:37 -0600


Started GET "/assets/main.css?body=1" for 127.0.0.1 at 2015-01-29 01:20:37 -0600


Started GET "/assets/home.js?body=1" for 127.0.0.1 at 2015-01-29 01:20:37 -0600


Started GET "/assets/jquery_ujs.js?body=1" for 127.0.0.1 at 2015-01-29 01:20:37 -0600


Started GET "/assets/application.css?body=1" for 127.0.0.1 at 2015-01-29 01:20:37 -0600


Started GET "/assets/main.js?body=1" for 127.0.0.1 at 2015-01-29 01:20:37 -0600


Started GET "/assets/application.js?body=1" for 127.0.0.1 at 2015-01-29 01:20:37 -0600


Started GET "/assets/plugins.js?body=1" for 127.0.0.1 at 2015-01-29 01:20:37 -0600


Started GET "/" for 127.0.0.1 at 2015-01-29 01:28:58 -0600
Processing by HomeController#index as HTML
  Rendered home/index.html.erb within layouts/application (0.1ms)
  Rendered layouts/_navigation_links.html.erb (0.3ms)
  Rendered layouts/_navigation.html.erb (3.4ms)
  Rendered layouts/_messages.html.erb (0.0ms)
  Rendered layouts/_footer.html.erb (0.4ms)
Completed 200 OK in 37ms (Views: 36.1ms | ActiveRecord: 0.0ms)


Started GET "/assets/application.css?body=1" for 127.0.0.1 at 2015-01-29 01:28:58 -0600


Started GET "/assets/home.css?body=1" for 127.0.0.1 at 2015-01-29 01:28:58 -0600


Started GET "/assets/icomoon.css?body=1" for 127.0.0.1 at 2015-01-29 01:28:58 -0600


Started GET "/assets/normalize.css?body=1" for 127.0.0.1 at 2015-01-29 01:28:58 -0600


Started GET "/assets/main.css?body=1" for 127.0.0.1 at 2015-01-29 01:28:58 -0600


Started GET "/assets/jquery.js?body=1" for 127.0.0.1 at 2015-01-29 01:28:58 -0600


Started GET "/assets/jquery_ujs.js?body=1" for 127.0.0.1 at 2015-01-29 01:28:58 -0600


Started GET "/assets/main.js?body=1" for 127.0.0.1 at 2015-01-29 01:28:58 -0600


Started GET "/assets/home.js?body=1" for 127.0.0.1 at 2015-01-29 01:28:58 -0600


Started GET "/assets/plugins.js?body=1" for 127.0.0.1 at 2015-01-29 01:28:58 -0600


Started GET "/assets/application.js?body=1" for 127.0.0.1 at 2015-01-29 01:28:58 -0600


Started GET "/" for 127.0.0.1 at 2015-01-29 01:29:07 -0600
Processing by HomeController#index as HTML
  Rendered home/index.html.erb within layouts/application (0.2ms)
  Rendered layouts/_navigation_links.html.erb (0.1ms)
  Rendered layouts/_navigation.html.erb (3.0ms)
  Rendered layouts/_messages.html.erb (0.1ms)
  Rendered layouts/_footer.html.erb (0.1ms)
Completed 200 OK in 44ms (Views: 43.8ms | ActiveRecord: 0.0ms)


Started GET "/assets/application.css?body=1" for 127.0.0.1 at 2015-01-29 01:29:07 -0600


Started GET "/assets/home.css?body=1" for 127.0.0.1 at 2015-01-29 01:29:07 -0600


Started GET "/assets/icomoon.css?body=1" for 127.0.0.1 at 2015-01-29 01:29:07 -0600


Started GET "/assets/jquery.js?body=1" for 127.0.0.1 at 2015-01-29 01:29:07 -0600


Started GET "/assets/normalize.css?body=1" for 127.0.0.1 at 2015-01-29 01:29:07 -0600


Started GET "/assets/jquery_ujs.js?body=1" for 127.0.0.1 at 2015-01-29 01:29:07 -0600


Started GET "/assets/main.css?body=1" for 127.0.0.1 at 2015-01-29 01:29:07 -0600


Started GET "/assets/home.js?body=1" for 127.0.0.1 at 2015-01-29 01:29:07 -0600


Started GET "/assets/main.js?body=1" for 127.0.0.1 at 2015-01-29 01:29:07 -0600


Started GET "/assets/plugins.js?body=1" for 127.0.0.1 at 2015-01-29 01:29:07 -0600


Started GET "/assets/application.js?body=1" for 127.0.0.1 at 2015-01-29 01:29:07 -0600


Started GET "/" for 127.0.0.1 at 2015-01-29 01:31:04 -0600
Processing by HomeController#index as HTML
  Rendered home/index.html.erb within layouts/application (0.1ms)
  Rendered layouts/_navigation_links.html.erb (0.0ms)
  Rendered layouts/_navigation.html.erb (2.0ms)
  Rendered layouts/_messages.html.erb (0.0ms)
  Rendered layouts/_footer.html.erb (0.0ms)
Completed 200 OK in 34ms (Views: 33.1ms | ActiveRecord: 0.0ms)


Started GET "/assets/application.css?body=1" for 127.0.0.1 at 2015-01-29 01:31:04 -0600


Started GET "/assets/home.css?body=1" for 127.0.0.1 at 2015-01-29 01:31:04 -0600


Started GET "/assets/icomoon.css?body=1" for 127.0.0.1 at 2015-01-29 01:31:04 -0600


Started GET "/assets/normalize.css?body=1" for 127.0.0.1 at 2015-01-29 01:31:04 -0600


Started GET "/assets/jquery.js?body=1" for 127.0.0.1 at 2015-01-29 01:31:04 -0600


Started GET "/assets/main.css?body=1" for 127.0.0.1 at 2015-01-29 01:31:04 -0600


Started GET "/assets/home.js?body=1" for 127.0.0.1 at 2015-01-29 01:31:04 -0600


Started GET "/assets/main.js?body=1" for 127.0.0.1 at 2015-01-29 01:31:04 -0600


Started GET "/assets/jquery_ujs.js?body=1" for 127.0.0.1 at 2015-01-29 01:31:04 -0600


Started GET "/assets/plugins.js?body=1" for 127.0.0.1 at 2015-01-29 01:31:04 -0600


Started GET "/assets/application.js?body=1" for 127.0.0.1 at 2015-01-29 01:31:04 -0600


Started GET "/" for 127.0.0.1 at 2015-01-29 01:33:36 -0600
Processing by HomeController#index as HTML
  Rendered home/index.html.erb within layouts/application (0.1ms)
  Rendered layouts/_navigation_links.html.erb (0.1ms)
  Rendered layouts/_navigation.html.erb (2.8ms)
  Rendered layouts/_messages.html.erb (0.0ms)
  Rendered layouts/_footer.html.erb (0.1ms)
Completed 200 OK in 125ms (Views: 124.2ms | ActiveRecord: 0.0ms)


Started GET "/assets/home.css?body=1" for 127.0.0.1 at 2015-01-29 01:33:36 -0600


Started GET "/assets/icomoon.css?body=1" for 127.0.0.1 at 2015-01-29 01:33:36 -0600


Started GET "/assets/main.css?body=1" for 127.0.0.1 at 2015-01-29 01:33:36 -0600


Started GET "/assets/application.css?body=1" for 127.0.0.1 at 2015-01-29 01:33:36 -0600


Started GET "/assets/main.js?body=1" for 127.0.0.1 at 2015-01-29 01:33:36 -0600


Started GET "/assets/normalize.css?body=1" for 127.0.0.1 at 2015-01-29 01:33:36 -0600


Started GET "/assets/jquery_ujs.js?body=1" for 127.0.0.1 at 2015-01-29 01:33:36 -0600


Started GET "/assets/jquery.js?body=1" for 127.0.0.1 at 2015-01-29 01:33:36 -0600


Started GET "/assets/home.js?body=1" for 127.0.0.1 at 2015-01-29 01:33:36 -0600


Started GET "/assets/plugins.js?body=1" for 127.0.0.1 at 2015-01-29 01:33:36 -0600


Started GET "/assets/application.js?body=1" for 127.0.0.1 at 2015-01-29 01:33:36 -0600


Started GET "/" for 127.0.0.1 at 2015-01-29 01:33:55 -0600
Processing by HomeController#index as HTML
  Rendered home/index.html.erb within layouts/application (0.1ms)
  Rendered layouts/_navigation_links.html.erb (0.0ms)
  Rendered layouts/_navigation.html.erb (2.0ms)
  Rendered layouts/_messages.html.erb (0.1ms)
  Rendered layouts/_footer.html.erb (0.1ms)
Completed 200 OK in 36ms (Views: 34.9ms | ActiveRecord: 0.0ms)


Started GET "/assets/home.css?body=1" for 127.0.0.1 at 2015-01-29 01:33:55 -0600


Started GET "/assets/application.css?body=1" for 127.0.0.1 at 2015-01-29 01:33:55 -0600


Started GET "/assets/icomoon.css?body=1" for 127.0.0.1 at 2015-01-29 01:33:55 -0600


Started GET "/assets/main.css?body=1" for 127.0.0.1 at 2015-01-29 01:33:55 -0600


Started GET "/assets/normalize.css?body=1" for 127.0.0.1 at 2015-01-29 01:33:55 -0600


Started GET "/assets/jquery.js?body=1" for 127.0.0.1 at 2015-01-29 01:33:55 -0600


Started GET "/assets/jquery_ujs.js?body=1" for 127.0.0.1 at 2015-01-29 01:33:55 -0600


Started GET "/assets/main.js?body=1" for 127.0.0.1 at 2015-01-29 01:33:55 -0600


Started GET "/assets/home.js?body=1" for 127.0.0.1 at 2015-01-29 01:33:55 -0600


Started GET "/assets/plugins.js?body=1" for 127.0.0.1 at 2015-01-29 01:33:55 -0600


Started GET "/assets/application.js?body=1" for 127.0.0.1 at 2015-01-29 01:33:55 -0600


Started GET "/" for 127.0.0.1 at 2015-01-29 01:33:58 -0600
Processing by HomeController#index as HTML
  Rendered home/index.html.erb within layouts/application (0.1ms)
  Rendered layouts/_navigation_links.html.erb (0.1ms)
  Rendered layouts/_navigation.html.erb (3.1ms)
  Rendered layouts/_messages.html.erb (0.1ms)
  Rendered layouts/_footer.html.erb (0.0ms)
Completed 200 OK in 60ms (Views: 59.6ms | ActiveRecord: 0.0ms)


Started GET "/assets/home.css?body=1" for 127.0.0.1 at 2015-01-29 01:33:58 -0600


Started GET "/assets/application.css?body=1" for 127.0.0.1 at 2015-01-29 01:33:58 -0600


Started GET "/assets/icomoon.css?body=1" for 127.0.0.1 at 2015-01-29 01:33:58 -0600


Started GET "/assets/jquery.js?body=1" for 127.0.0.1 at 2015-01-29 01:33:58 -0600


Started GET "/assets/home.js?body=1" for 127.0.0.1 at 2015-01-29 01:33:58 -0600


Started GET "/assets/plugins.js?body=1" for 127.0.0.1 at 2015-01-29 01:33:58 -0600


Started GET "/assets/main.css?body=1" for 127.0.0.1 at 2015-01-29 01:33:58 -0600


Started GET "/assets/normalize.css?body=1" for 127.0.0.1 at 2015-01-29 01:33:58 -0600


Started GET "/assets/jquery_ujs.js?body=1" for 127.0.0.1 at 2015-01-29 01:33:58 -0600


Started GET "/assets/application.js?body=1" for 127.0.0.1 at 2015-01-29 01:33:58 -0600


Started GET "/assets/main.js?body=1" for 127.0.0.1 at 2015-01-29 01:33:58 -0600


Started GET "/" for 127.0.0.1 at 2015-01-29 01:35:07 -0600
Processing by HomeController#index as HTML
  Rendered home/index.html.erb within layouts/application (0.1ms)
  Rendered layouts/_navigation_links.html.erb (0.1ms)
  Rendered layouts/_navigation.html.erb (4.2ms)
  Rendered layouts/_messages.html.erb (0.1ms)
  Rendered layouts/_footer.html.erb (0.1ms)
Completed 200 OK in 52ms (Views: 47.9ms | ActiveRecord: 0.0ms)


Started GET "/assets/main.css?body=1" for 127.0.0.1 at 2015-01-29 01:35:08 -0600


Started GET "/assets/home.css?body=1" for 127.0.0.1 at 2015-01-29 01:35:08 -0600


Started GET "/assets/icomoon.css?body=1" for 127.0.0.1 at 2015-01-29 01:35:08 -0600


Started GET "/assets/normalize.css?body=1" for 127.0.0.1 at 2015-01-29 01:35:08 -0600


Started GET "/assets/jquery.js?body=1" for 127.0.0.1 at 2015-01-29 01:35:08 -0600


Started GET "/assets/jquery_ujs.js?body=1" for 127.0.0.1 at 2015-01-29 01:35:08 -0600


Started GET "/assets/main.js?body=1" for 127.0.0.1 at 2015-01-29 01:35:08 -0600


Started GET "/assets/home.js?body=1" for 127.0.0.1 at 2015-01-29 01:35:08 -0600


Started GET "/assets/application.js?body=1" for 127.0.0.1 at 2015-01-29 01:35:08 -0600


Started GET "/assets/application.css?body=1" for 127.0.0.1 at 2015-01-29 01:35:08 -0600


Started GET "/assets/plugins.js?body=1" for 127.0.0.1 at 2015-01-29 01:35:08 -0600


Started GET "/assets/application.css?body=1" for 127.0.0.1 at 2015-01-29 01:35:46 -0600


Started GET "/assets/home.css?body=1" for 127.0.0.1 at 2015-01-29 01:35:46 -0600


Started GET "/assets/normalize.css?body=1" for 127.0.0.1 at 2015-01-29 01:35:46 -0600


Started GET "/assets/main.css?body=1" for 127.0.0.1 at 2015-01-29 01:35:46 -0600


Started GET "/assets/icomoon.css?body=1" for 127.0.0.1 at 2015-01-29 01:35:46 -0600


Started GET "/" for 127.0.0.1 at 2015-01-29 01:39:12 -0600
Processing by HomeController#index as HTML
  Rendered home/index.html.erb within layouts/application (0.1ms)
  Rendered layouts/_navigation_links.html.erb (0.0ms)
  Rendered layouts/_navigation.html.erb (2.0ms)
  Rendered layouts/_messages.html.erb (0.0ms)
  Rendered layouts/_footer.html.erb (0.1ms)
Completed 200 OK in 98ms (Views: 97.3ms | ActiveRecord: 0.0ms)


Started GET "/assets/application.css?body=1" for 127.0.0.1 at 2015-01-29 01:39:12 -0600


Started GET "/assets/main.css?body=1" for 127.0.0.1 at 2015-01-29 01:39:12 -0600


Started GET "/assets/normalize.css?body=1" for 127.0.0.1 at 2015-01-29 01:39:12 -0600


Started GET "/assets/jquery.js?body=1" for 127.0.0.1 at 2015-01-29 01:39:12 -0600


Started GET "/assets/icomoon.css?body=1" for 127.0.0.1 at 2015-01-29 01:39:12 -0600


Started GET "/assets/home.css?body=1" for 127.0.0.1 at 2015-01-29 01:39:12 -0600


Started GET "/assets/jquery_ujs.js?body=1" for 127.0.0.1 at 2015-01-29 01:39:12 -0600


Started GET "/assets/main.js?body=1" for 127.0.0.1 at 2015-01-29 01:39:12 -0600


Started GET "/assets/home.js?body=1" for 127.0.0.1 at 2015-01-29 01:39:12 -0600


Started GET "/assets/plugins.js?body=1" for 127.0.0.1 at 2015-01-29 01:39:12 -0600


Started GET "/assets/application.js?body=1" for 127.0.0.1 at 2015-01-29 01:39:12 -0600


Started GET "/" for 127.0.0.1 at 2015-01-29 01:39:45 -0600
Processing by HomeController#index as HTML
  Rendered home/index.html.erb within layouts/application (0.1ms)
  Rendered layouts/_navigation_links.html.erb (0.0ms)
  Rendered layouts/_navigation.html.erb (1.9ms)
  Rendered layouts/_messages.html.erb (0.0ms)
  Rendered layouts/_footer.html.erb (0.0ms)
Completed 200 OK in 100ms (Views: 99.7ms | ActiveRecord: 0.0ms)


Started GET "/assets/home.css?body=1" for 127.0.0.1 at 2015-01-29 01:39:46 -0600


Started GET "/assets/jquery.js?body=1" for 127.0.0.1 at 2015-01-29 01:39:46 -0600


Started GET "/assets/application.css?body=1" for 127.0.0.1 at 2015-01-29 01:39:46 -0600


Started GET "/assets/main.css?body=1" for 127.0.0.1 at 2015-01-29 01:39:46 -0600


Started GET "/assets/jquery_ujs.js?body=1" for 127.0.0.1 at 2015-01-29 01:39:46 -0600


Started GET "/assets/normalize.css?body=1" for 127.0.0.1 at 2015-01-29 01:39:46 -0600


Started GET "/assets/icomoon.css?body=1" for 127.0.0.1 at 2015-01-29 01:39:46 -0600


Started GET "/assets/home.js?body=1" for 127.0.0.1 at 2015-01-29 01:39:46 -0600


Started GET "/assets/plugins.js?body=1" for 127.0.0.1 at 2015-01-29 01:39:46 -0600


Started GET "/assets/main.js?body=1" for 127.0.0.1 at 2015-01-29 01:39:46 -0600


Started GET "/assets/application.js?body=1" for 127.0.0.1 at 2015-01-29 01:39:46 -0600


Started GET "/" for 127.0.0.1 at 2015-01-29 01:42:22 -0600
Processing by HomeController#index as HTML
  Rendered home/index.html.erb within layouts/application (0.1ms)
  Rendered layouts/_navigation_links.html.erb (0.0ms)
  Rendered layouts/_navigation.html.erb (2.0ms)
  Rendered layouts/_messages.html.erb (0.0ms)
  Rendered layouts/_footer.html.erb (0.1ms)
Completed 200 OK in 95ms (Views: 94.0ms | ActiveRecord: 0.0ms)


Started GET "/assets/home.css?body=1" for 127.0.0.1 at 2015-01-29 01:42:22 -0600


Started GET "/assets/application.css?body=1" for 127.0.0.1 at 2015-01-29 01:42:22 -0600


Started GET "/assets/main.css?body=1" for 127.0.0.1 at 2015-01-29 01:42:22 -0600


Started GET "/assets/icomoon.css?body=1" for 127.0.0.1 at 2015-01-29 01:42:22 -0600


Started GET "/assets/normalize.css?body=1" for 127.0.0.1 at 2015-01-29 01:42:22 -0600


Started GET "/assets/jquery.js?body=1" for 127.0.0.1 at 2015-01-29 01:42:22 -0600


Started GET "/assets/jquery_ujs.js?body=1" for 127.0.0.1 at 2015-01-29 01:42:22 -0600


Started GET "/assets/home.js?body=1" for 127.0.0.1 at 2015-01-29 01:42:22 -0600


Started GET "/assets/main.js?body=1" for 127.0.0.1 at 2015-01-29 01:42:22 -0600


Started GET "/assets/plugins.js?body=1" for 127.0.0.1 at 2015-01-29 01:42:22 -0600


Started GET "/assets/application.js?body=1" for 127.0.0.1 at 2015-01-29 01:42:22 -0600


Started GET "/" for 127.0.0.1 at 2015-01-29 01:42:30 -0600
Processing by HomeController#index as HTML
  Rendered home/index.html.erb within layouts/application (0.1ms)
  Rendered layouts/_navigation_links.html.erb (0.0ms)
  Rendered layouts/_navigation.html.erb (2.0ms)
  Rendered layouts/_messages.html.erb (0.1ms)
  Rendered layouts/_footer.html.erb (0.1ms)
Completed 200 OK in 101ms (Views: 99.4ms | ActiveRecord: 0.0ms)


Started GET "/assets/home.css?body=1" for 127.0.0.1 at 2015-01-29 01:42:30 -0600


Started GET "/assets/application.css?body=1" for 127.0.0.1 at 2015-01-29 01:42:30 -0600


Started GET "/assets/main.css?body=1" for 127.0.0.1 at 2015-01-29 01:42:30 -0600


Started GET "/assets/icomoon.css?body=1" for 127.0.0.1 at 2015-01-29 01:42:30 -0600


Started GET "/assets/normalize.css?body=1" for 127.0.0.1 at 2015-01-29 01:42:30 -0600


Started GET "/assets/jquery.js?body=1" for 127.0.0.1 at 2015-01-29 01:42:30 -0600


Started GET "/assets/jquery_ujs.js?body=1" for 127.0.0.1 at 2015-01-29 01:42:30 -0600


Started GET "/assets/home.js?body=1" for 127.0.0.1 at 2015-01-29 01:42:31 -0600


Started GET "/assets/plugins.js?body=1" for 127.0.0.1 at 2015-01-29 01:42:31 -0600


Started GET "/assets/main.js?body=1" for 127.0.0.1 at 2015-01-29 01:42:31 -0600


Started GET "/assets/application.js?body=1" for 127.0.0.1 at 2015-01-29 01:42:31 -0600
